<?xml version="1.0" encoding="UTF-8"?>
<!-- Generated by org.testng.reporters.JUnitReportReporter -->
<testsuite name="com.yahoo.egads.TestAutoForecast" tests="1" time="4.137" ignored="0" failures="0" timestamp="01 三月 2018 03:52:11 GMT" skipped="0" hostname="Hunteron" errors="0">
  <testcase name="testAutoForecast" time="4.137" classname="com.yahoo.egads.TestAutoForecast"/>
</testsuite> <!-- com.yahoo.egads.TestAutoForecast -->
