<?xml version="1.0" encoding="UTF-8"?>
<!-- Generated by org.testng.reporters.JUnitReportReporter -->
<testsuite name="com.yahoo.egads.TestAnomalyDetect" tests="1" time="0.935" ignored="0" failures="0" timestamp="01 三月 2018 03:52:32 GMT" skipped="0" hostname="Hunteron" errors="0">
  <testcase name="testOlympicModel" time="0.935" classname="com.yahoo.egads.TestAnomalyDetect"/>
</testsuite> <!-- com.yahoo.egads.TestAnomalyDetect -->
