<?xml version="1.0" encoding="UTF-8"?>
<!-- Generated by org.testng.reporters.JUnitReportReporter -->
<testsuite name="com.yahoo.egads.TestGetAnomalyList" tests="3" time="45.537" ignored="0" failures="0" timestamp="01 三月 2018 03:55:54 GMT" skipped="0" hostname="Hunteron" errors="0">
  <testcase name="testDetectAnomalyProcessable" time="33.763" classname="com.yahoo.egads.TestGetAnomalyList"/>
  <testcase name="testTransformInputProcessable" time="6.902" classname="com.yahoo.egads.TestGetAnomalyList"/>
  <testcase name="testUpdateModelProcessable" time="4.872" classname="com.yahoo.egads.TestGetAnomalyList"/>
</testsuite> <!-- com.yahoo.egads.TestGetAnomalyList -->
