<?xml version="1.0" encoding="UTF-8"?>
<!-- Generated by org.testng.reporters.JUnitReportReporter -->
<testsuite name="com.yahoo.egads.TestChangePointDetectionAlgorithm" tests="1" time="0.538" ignored="0" failures="0" timestamp="01 三月 2018 03:53:09 GMT" skipped="0" hostname="Hunteron" errors="0">
  <testcase name="testChangePointDetectionAlgorithm" time="0.538" classname="com.yahoo.egads.TestChangePointDetectionAlgorithm"/>
</testsuite> <!-- com.yahoo.egads.TestChangePointDetectionAlgorithm -->
